Using pre-set license
Built from '2021.1/release' branch; Version is '2021.1.4f1 (4cd64a618c1b) revision 5035594'; Using compiler version '192528614'; Build Type 'Release'
OS: 'Windows 10 Home Single Language; OS build 19043.1165; Version 2009; 64bit' Language: 'pt' Physical Memory: 8078 MB
BatchMode: 1, IsHumanControllingUs: 0, StartBugReporterOnCrash: 0, Is64bit: 1, IsPro: 0

 COMMAND LINE ARGUMENTS:
C:\Program Files\Unity\Hub\Editor\2021.1.4f1\Editor\Unity.exe
-adb2
-batchMode
-noUpm
-name
AssetImportWorker3
-projectPath
C:/Users/micha/Documents/GameMaking/The Hell is My Package
-logFile
Logs/AssetImportWorker3.log
-srvPort
64175
Successfully changed project path to: C:/Users/micha/Documents/GameMaking/The Hell is My Package
C:/Users/micha/Documents/GameMaking/The Hell is My Package
Using Asset Import Pipeline V2.
Refreshing native plugins compatible for Editor in 581.44 ms, found 2 plugins.
Preloading 0 native plugins for Editor in 0.00 ms.
Initialize engine version: 2021.1.4f1 (4cd64a618c1b)
[Subsystems] Discovering subsystems at path C:/Program Files/Unity/Hub/Editor/2021.1.4f1/Editor/Data/Resources/UnitySubsystems
[Subsystems] Discovering subsystems at path C:/Users/micha/Documents/GameMaking/The Hell is My Package/Assets
GfxDevice: creating device client; threaded=0; jobified=0
Direct3D:
    Version:  Direct3D 11.0 [level 11.1]
    Renderer: Intel(R) HD Graphics 620 (ID=0x5916)
    Vendor:   Intel
    VRAM:     4039 MB
    Driver:   22.20.16.4771
Shader 'Universal Render Pipeline/Particles/Lit': fallback shader 'Universal Render Pipeline/Particles/SimpleLit' not found
Initialize mono
Mono path[0] = 'C:/Program Files/Unity/Hub/Editor/2021.1.4f1/Editor/Data/Managed'
Mono path[1] = 'C:/Program Files/Unity/Hub/Editor/2021.1.4f1/Editor/Data/MonoBleedingEdge/lib/mono/unityjit'
Mono config path = 'C:/Program Files/Unity/Hub/Editor/2021.1.4f1/Editor/Data/MonoBleedingEdge/etc'
Using monoOptions --debugger-agent=transport=dt_socket,embedding=1,server=y,suspend=n,address=127.0.0.1:56724
Begin MonoManager ReloadAssembly
Registering precompiled unity dll's ...
Register platform support module: C:/Program Files/Unity/Hub/Editor/2021.1.4f1/Editor/Data/PlaybackEngines/WindowsStandaloneSupport/UnityEditor.WindowsStandalone.Extensions.dll
Registered in 0.006079 seconds.
Native extension for WindowsStandalone target not found
Refreshing native plugins compatible for Editor in 1072.89 ms, found 2 plugins.
Preloading 0 native plugins for Editor in 0.00 ms.
Mono: successfully reloaded assembly
- Completed reload, in  6.546 seconds
Platform modules already initialized, skipping
Registering precompiled user dll's ...
Registered in 0.101363 seconds.
Begin MonoManager ReloadAssembly
Native extension for WindowsStandalone target not found
Refreshing native plugins compatible for Editor in 328.49 ms, found 2 plugins.
Preloading 0 native plugins for Editor in 0.00 ms.
Mono: successfully reloaded assembly
- Completed reload, in  3.026 seconds
Platform modules already initialized, skipping
========================================================================
Worker process is ready to serve import requests
Shader 'Universal Render Pipeline/Particles/Lit': fallback shader 'Universal Render Pipeline/Particles/SimpleLit' not found
Launched and connected shader compiler UnityShaderCompiler.exe after 0.29 seconds
Refreshing native plugins compatible for Editor in 2.32 ms, found 2 plugins.
Preloading 0 native plugins for Editor in 0.00 ms.
Unloading 4830 Unused Serialized files (Serialized files now loaded: 0)
System memory in use before: 187.0 MB.
System memory in use after: 187.1 MB.

Unloading 30 unused Assets to reduce memory usage. Loaded Objects now: 5284.
Total: 9.462400 ms (FindLiveObjects: 0.716500 ms CreateObjectMapping: 0.633400 ms MarkObjects: 7.841200 ms  DeleteObjects: 0.269400 ms)

========================================================================
Received Import Request.
  path: Assets/Barra de HP.psb
  artifactKey: Guid(06ea8cd8906fa07499f40b99c404cf8e) Importer(815301076,1909f56bfc062723c751e8b465ee728b)
Start importing Assets/Barra de HP.psb using Guid(06ea8cd8906fa07499f40b99c404cf8e) Importer(815301076,1909f56bfc062723c751e8b465ee728b)  -> (artifact id: '1c67c22a6b11e480b0867abaa72450af') in 0.701091 seconds 
========================================================================
Received Import Request.
  Time since last request: 7.554302 seconds.
  path: Assets/Barra de HP.psb
  artifactKey: Guid(06ea8cd8906fa07499f40b99c404cf8e) Importer(815301076,1909f56bfc062723c751e8b465ee728b)
Start importing Assets/Barra de HP.psb using Guid(06ea8cd8906fa07499f40b99c404cf8e) Importer(815301076,1909f56bfc062723c751e8b465ee728b)  -> (artifact id: 'a9fb6462d75bc4c6ee288337a072f8a8') in 0.556987 seconds 
========================================================================
Received Import Request.
  Time since last request: 116.731940 seconds.
  path: Assets/Barra de HP.psb
  artifactKey: Guid(06ea8cd8906fa07499f40b99c404cf8e) Importer(815301076,1909f56bfc062723c751e8b465ee728b)
Start importing Assets/Barra de HP.psb using Guid(06ea8cd8906fa07499f40b99c404cf8e) Importer(815301076,1909f56bfc062723c751e8b465ee728b)  -> (artifact id: '53903b66a3916cba8fc2fc8d6d6c2d83') in 0.290429 seconds 
========================================================================
Received Import Request.
  Time since last request: 5.633153 seconds.
  path: Assets/Barra de HP.psb
  artifactKey: Guid(06ea8cd8906fa07499f40b99c404cf8e) Importer(815301076,1909f56bfc062723c751e8b465ee728b)
Start importing Assets/Barra de HP.psb using Guid(06ea8cd8906fa07499f40b99c404cf8e) Importer(815301076,1909f56bfc062723c751e8b465ee728b)  -> (artifact id: 'c2b0695fe6d936e84332ec6bf52bd59d') in 0.290131 seconds 
========================================================================
Received Import Request.
  Time since last request: 58.480237 seconds.
  path: Assets/Map/Art/Spawn 1.png
  artifactKey: Guid(d9fd15ac8a34aad49a98d13e88acef17) Importer(815301076,1909f56bfc062723c751e8b465ee728b)
Start importing Assets/Map/Art/Spawn 1.png using Guid(d9fd15ac8a34aad49a98d13e88acef17) Importer(815301076,1909f56bfc062723c751e8b465ee728b)  -> (artifact id: '11067ebf0f3a12565c9387bbab8a3878') in 0.526165 seconds 
========================================================================
Received Import Request.
  Time since last request: 0.000286 seconds.
  path: Assets/Map/Art/Spawn security.png
  artifactKey: Guid(86a02e882a3e0b54dbf1aa2dd9af39d3) Importer(815301076,1909f56bfc062723c751e8b465ee728b)
Start importing Assets/Map/Art/Spawn security.png using Guid(86a02e882a3e0b54dbf1aa2dd9af39d3) Importer(815301076,1909f56bfc062723c751e8b465ee728b)  -> (artifact id: '92c5abd8e56c4bf1d3179882dd067a23') in 0.238127 seconds 
========================================================================
Received Import Request.
  Time since last request: 0.000329 seconds.
  path: Assets/Map/Art/Spawn 2.png
  artifactKey: Guid(fc6c6d32fab3d214aa0663c223239f1c) Importer(815301076,1909f56bfc062723c751e8b465ee728b)
Start importing Assets/Map/Art/Spawn 2.png using Guid(fc6c6d32fab3d214aa0663c223239f1c) Importer(815301076,1909f56bfc062723c751e8b465ee728b)  -> (artifact id: '379443f80692a116e16904d4679674e8') in 0.188881 seconds 
========================================================================
Received Import Request.
  Time since last request: 0.000461 seconds.
  path: Assets/Map/Art/Spawn Grande 2.png
  artifactKey: Guid(9c5f36f63a2ece64b9edb024f4ef2025) Importer(815301076,1909f56bfc062723c751e8b465ee728b)
Start importing Assets/Map/Art/Spawn Grande 2.png using Guid(9c5f36f63a2ece64b9edb024f4ef2025) Importer(815301076,1909f56bfc062723c751e8b465ee728b)  -> (artifact id: 'd60ff3352c554e155fc037f13a16fb1f') in 0.186965 seconds 
========================================================================
Received Import Request.
  Time since last request: 0.000429 seconds.
  path: Assets/Map/Art/Spawn do depósito.png
  artifactKey: Guid(b90f8ebc424499848b8af6b1119eee50) Importer(815301076,1909f56bfc062723c751e8b465ee728b)
Start importing Assets/Map/Art/Spawn do depósito.png using Guid(b90f8ebc424499848b8af6b1119eee50) Importer(815301076,1909f56bfc062723c751e8b465ee728b)  -> (artifact id: '7fc37024e5a503f9bdcb327d2a364bdc') in 0.247492 seconds 
========================================================================
Received Import Request.
  Time since last request: 0.000385 seconds.
  path: Assets/Map/Art/Spawn grande 1.png
  artifactKey: Guid(6feca751888e54f48a134f4935288d79) Importer(815301076,1909f56bfc062723c751e8b465ee728b)
Start importing Assets/Map/Art/Spawn grande 1.png using Guid(6feca751888e54f48a134f4935288d79) Importer(815301076,1909f56bfc062723c751e8b465ee728b)  -> (artifact id: 'cc05282ab8a689cca8dfce8a482d8269') in 0.250448 seconds 
========================================================================
Received Prepare
Registering precompiled user dll's ...
Registered in 0.037987 seconds.
Begin MonoManager ReloadAssembly
Native extension for WindowsStandalone target not found
Refreshing native plugins compatible for Editor in 1.94 ms, found 2 plugins.
Preloading 0 native plugins for Editor in 0.00 ms.
Mono: successfully reloaded assembly
- Completed reload, in  4.675 seconds
Platform modules already initialized, skipping
Shader 'Universal Render Pipeline/Particles/Lit': fallback shader 'Universal Render Pipeline/Particles/SimpleLit' not found
Refreshing native plugins compatible for Editor in 1.91 ms, found 2 plugins.
Preloading 0 native plugins for Editor in 0.00 ms.
Unloading 4721 Unused Serialized files (Serialized files now loaded: 0)
System memory in use before: 253.3 MB.
System memory in use after: 253.5 MB.

Unloading 19 unused Assets to reduce memory usage. Loaded Objects now: 5488.
Total: 9.860000 ms (FindLiveObjects: 0.724000 ms CreateObjectMapping: 2.067200 ms MarkObjects: 6.856400 ms  DeleteObjects: 0.210200 ms)

========================================================================
Received Prepare
Registering precompiled user dll's ...
Registered in 0.016128 seconds.
Begin MonoManager ReloadAssembly
Native extension for WindowsStandalone target not found
Refreshing native plugins compatible for Editor in 1.53 ms, found 2 plugins.
Preloading 0 native plugins for Editor in 0.00 ms.
Mono: successfully reloaded assembly
- Completed reload, in  2.902 seconds
Platform modules already initialized, skipping
Shader 'Universal Render Pipeline/Particles/Lit': fallback shader 'Universal Render Pipeline/Particles/SimpleLit' not found
Refreshing native plugins compatible for Editor in 2.26 ms, found 2 plugins.
Preloading 0 native plugins for Editor in 0.00 ms.
Unloading 4714 Unused Serialized files (Serialized files now loaded: 0)
System memory in use before: 253.1 MB.
System memory in use after: 253.2 MB.

Unloading 19 unused Assets to reduce memory usage. Loaded Objects now: 5492.
Total: 9.834700 ms (FindLiveObjects: 0.892900 ms CreateObjectMapping: 0.651900 ms MarkObjects: 8.053900 ms  DeleteObjects: 0.232900 ms)

AssetImportWorkerClient::OnTransportError - code=2 error=End of file
