Using pre-set license
Built from '2021.1/release' branch; Version is '2021.1.4f1 (4cd64a618c1b) revision 5035594'; Using compiler version '192528614'; Build Type 'Release'
OS: 'Windows 10 Home Single Language; OS build 19043.1165; Version 2009; 64bit' Language: 'pt' Physical Memory: 8078 MB
BatchMode: 1, IsHumanControllingUs: 0, StartBugReporterOnCrash: 0, Is64bit: 1, IsPro: 0

 COMMAND LINE ARGUMENTS:
C:\Program Files\Unity\Hub\Editor\2021.1.4f1\Editor\Unity.exe
-adb2
-batchMode
-noUpm
-name
AssetImportWorker0
-projectPath
C:/Users/micha/Documents/GameMaking/The Hell is My Package
-logFile
Logs/AssetImportWorker0.log
-srvPort
57454
Successfully changed project path to: C:/Users/micha/Documents/GameMaking/The Hell is My Package
C:/Users/micha/Documents/GameMaking/The Hell is My Package
Using Asset Import Pipeline V2.
Refreshing native plugins compatible for Editor in 284.37 ms, found 2 plugins.
Preloading 0 native plugins for Editor in 0.00 ms.
Initialize engine version: 2021.1.4f1 (4cd64a618c1b)
[Subsystems] Discovering subsystems at path C:/Program Files/Unity/Hub/Editor/2021.1.4f1/Editor/Data/Resources/UnitySubsystems
[Subsystems] Discovering subsystems at path C:/Users/micha/Documents/GameMaking/The Hell is My Package/Assets
GfxDevice: creating device client; threaded=0; jobified=0
Direct3D:
    Version:  Direct3D 11.0 [level 11.1]
    Renderer: Intel(R) HD Graphics 620 (ID=0x5916)
    Vendor:   Intel
    VRAM:     4039 MB
    Driver:   22.20.16.4771
Shader 'Universal Render Pipeline/Particles/Lit': fallback shader 'Universal Render Pipeline/Particles/SimpleLit' not found
Initialize mono
Mono path[0] = 'C:/Program Files/Unity/Hub/Editor/2021.1.4f1/Editor/Data/Managed'
Mono path[1] = 'C:/Program Files/Unity/Hub/Editor/2021.1.4f1/Editor/Data/MonoBleedingEdge/lib/mono/unityjit'
Mono config path = 'C:/Program Files/Unity/Hub/Editor/2021.1.4f1/Editor/Data/MonoBleedingEdge/etc'
Using monoOptions --debugger-agent=transport=dt_socket,embedding=1,server=y,suspend=n,address=127.0.0.1:56124
Begin MonoManager ReloadAssembly
Registering precompiled unity dll's ...
Register platform support module: C:/Program Files/Unity/Hub/Editor/2021.1.4f1/Editor/Data/PlaybackEngines/WindowsStandaloneSupport/UnityEditor.WindowsStandalone.Extensions.dll
Registered in 0.010393 seconds.
Native extension for WindowsStandalone target not found
Refreshing native plugins compatible for Editor in 198.21 ms, found 2 plugins.
Preloading 0 native plugins for Editor in 0.00 ms.
Mono: successfully reloaded assembly
- Completed reload, in  3.607 seconds
Platform modules already initialized, skipping
Registering precompiled user dll's ...
Registered in 0.010615 seconds.
Begin MonoManager ReloadAssembly
Native extension for WindowsStandalone target not found
Refreshing native plugins compatible for Editor in 194.14 ms, found 2 plugins.
Preloading 0 native plugins for Editor in 0.00 ms.
Mono: successfully reloaded assembly
- Completed reload, in  2.614 seconds
Platform modules already initialized, skipping
========================================================================
Worker process is ready to serve import requests
Shader 'Universal Render Pipeline/Particles/Lit': fallback shader 'Universal Render Pipeline/Particles/SimpleLit' not found
Launched and connected shader compiler UnityShaderCompiler.exe after 0.21 seconds
Refreshing native plugins compatible for Editor in 1.57 ms, found 2 plugins.
Preloading 0 native plugins for Editor in 0.00 ms.
Unloading 4688 Unused Serialized files (Serialized files now loaded: 0)
System memory in use before: 181.2 MB.
System memory in use after: 181.3 MB.

Unloading 30 unused Assets to reduce memory usage. Loaded Objects now: 5139.
Total: 6.229600 ms (FindLiveObjects: 0.628200 ms CreateObjectMapping: 0.509100 ms MarkObjects: 4.875000 ms  DeleteObjects: 0.214900 ms)

========================================================================
Received Import Request.
  path: Assets/Characters/Guards/Pistol/Scripts/Guard_PistolControll.cs
  artifactKey: Guid(adeb0464832c5fa4bb85d95b6487a9a3) Importer(815301076,1909f56bfc062723c751e8b465ee728b)
Start importing Assets/Characters/Guards/Pistol/Scripts/Guard_PistolControll.cs using Guid(adeb0464832c5fa4bb85d95b6487a9a3) Importer(815301076,1909f56bfc062723c751e8b465ee728b)  -> (artifact id: '55d359ae05e813eabb1148a9efd42a7a') in 0.066407 seconds 
========================================================================
Received Prepare
Registering precompiled user dll's ...
Registered in 0.013361 seconds.
Begin MonoManager ReloadAssembly
Native extension for WindowsStandalone target not found
Refreshing native plugins compatible for Editor in 1.55 ms, found 2 plugins.
Preloading 0 native plugins for Editor in 0.00 ms.
Mono: successfully reloaded assembly
- Completed reload, in  3.524 seconds
Platform modules already initialized, skipping
Shader 'Universal Render Pipeline/Particles/Lit': fallback shader 'Universal Render Pipeline/Particles/SimpleLit' not found
Refreshing native plugins compatible for Editor in 1.62 ms, found 2 plugins.
Preloading 0 native plugins for Editor in 0.00 ms.
Unloading 4576 Unused Serialized files (Serialized files now loaded: 0)
System memory in use before: 174.0 MB.
System memory in use after: 174.1 MB.

Unloading 18 unused Assets to reduce memory usage. Loaded Objects now: 5143.
Total: 7.862700 ms (FindLiveObjects: 0.791300 ms CreateObjectMapping: 1.018300 ms MarkObjects: 5.794400 ms  DeleteObjects: 0.256700 ms)

========================================================================
Received Import Request.
  Time since last request: 114.103429 seconds.
  path: Assets/Characters/Guards/Pistol/Scripts/Guard_PistolControll.cs
  artifactKey: Guid(adeb0464832c5fa4bb85d95b6487a9a3) Importer(815301076,1909f56bfc062723c751e8b465ee728b)
Start importing Assets/Characters/Guards/Pistol/Scripts/Guard_PistolControll.cs using Guid(adeb0464832c5fa4bb85d95b6487a9a3) Importer(815301076,1909f56bfc062723c751e8b465ee728b)  -> (artifact id: '8cafe6f2f6b0ba7f517a151fe38c9ac8') in 0.021051 seconds 
========================================================================
Received Prepare
Registering precompiled user dll's ...
Registered in 0.445695 seconds.
Begin MonoManager ReloadAssembly
Native extension for WindowsStandalone target not found
Refreshing native plugins compatible for Editor in 1.40 ms, found 2 plugins.
Preloading 0 native plugins for Editor in 0.00 ms.
Mono: successfully reloaded assembly
- Completed reload, in  3.311 seconds
Platform modules already initialized, skipping
Shader 'Universal Render Pipeline/Particles/Lit': fallback shader 'Universal Render Pipeline/Particles/SimpleLit' not found
Refreshing native plugins compatible for Editor in 1.76 ms, found 2 plugins.
Preloading 0 native plugins for Editor in 0.00 ms.
Unloading 4576 Unused Serialized files (Serialized files now loaded: 0)
System memory in use before: 174.1 MB.
System memory in use after: 174.2 MB.

Unloading 18 unused Assets to reduce memory usage. Loaded Objects now: 5147.
Total: 9.846100 ms (FindLiveObjects: 0.659900 ms CreateObjectMapping: 0.621900 ms MarkObjects: 8.370800 ms  DeleteObjects: 0.191400 ms)

========================================================================
Received Prepare
Registering precompiled user dll's ...
Registered in 0.011317 seconds.
Begin MonoManager ReloadAssembly
Native extension for WindowsStandalone target not found
Refreshing native plugins compatible for Editor in 1.41 ms, found 2 plugins.
Preloading 0 native plugins for Editor in 0.00 ms.
Mono: successfully reloaded assembly
- Completed reload, in  2.734 seconds
Platform modules already initialized, skipping
Shader 'Universal Render Pipeline/Particles/Lit': fallback shader 'Universal Render Pipeline/Particles/SimpleLit' not found
Refreshing native plugins compatible for Editor in 1.66 ms, found 2 plugins.
Preloading 0 native plugins for Editor in 0.00 ms.
Unloading 4576 Unused Serialized files (Serialized files now loaded: 0)
System memory in use before: 174.1 MB.
System memory in use after: 174.3 MB.

Unloading 18 unused Assets to reduce memory usage. Loaded Objects now: 5151.
Total: 8.370000 ms (FindLiveObjects: 1.843900 ms CreateObjectMapping: 1.196800 ms MarkObjects: 5.122100 ms  DeleteObjects: 0.204700 ms)

========================================================================
Received Import Request.
  Time since last request: 991.781170 seconds.
  path: Assets/Characters/Postman/Art/Andando de costas.psb
  artifactKey: Guid(1990164bf0726e2498fd847f6b5c312a) Importer(815301076,1909f56bfc062723c751e8b465ee728b)
Start importing Assets/Characters/Postman/Art/Andando de costas.psb using Guid(1990164bf0726e2498fd847f6b5c312a) Importer(815301076,1909f56bfc062723c751e8b465ee728b)  -> (artifact id: '48f5e52bc4604b13bfcbc5bbf66eaca7') in 0.602675 seconds 
========================================================================
Received Import Request.
  Time since last request: 0.176050 seconds.
  path: Assets/Characters/Postman/Art/Andando.psb
  artifactKey: Guid(6f68e3ab3e1e7f8458390d8818395e46) Importer(815301076,1909f56bfc062723c751e8b465ee728b)
Start importing Assets/Characters/Postman/Art/Andando.psb using Guid(6f68e3ab3e1e7f8458390d8818395e46) Importer(815301076,1909f56bfc062723c751e8b465ee728b)  -> (artifact id: '57a511936ef3a832c57c8d0e64ccc045') in 0.180508 seconds 
========================================================================
Received Import Request.
  Time since last request: 12.390009 seconds.
  path: Assets/Characters/Player/Art/Walking.anim
  artifactKey: Guid(7d58af85b22ab1c4bbebba5388cb1e14) Importer(815301076,1909f56bfc062723c751e8b465ee728b)
Start importing Assets/Characters/Player/Art/Walking.anim using Guid(7d58af85b22ab1c4bbebba5388cb1e14) Importer(815301076,1909f56bfc062723c751e8b465ee728b)  -> (artifact id: '308964e0a8fa6b67fee60f53e2dd107d') in 0.027388 seconds 
========================================================================
Received Import Request.
  Time since last request: 3.276151 seconds.
  path: Assets/Characters/Player/Art/Parado.psb
  artifactKey: Guid(d48698f050af2084eb3421958fa01771) Importer(815301076,1909f56bfc062723c751e8b465ee728b)
Start importing Assets/Characters/Player/Art/Parado.psb using Guid(d48698f050af2084eb3421958fa01771) Importer(815301076,1909f56bfc062723c751e8b465ee728b)  -> (artifact id: 'd3b029a0440df341ef18610edd37bb2c') in 0.114244 seconds 
========================================================================
Received Import Request.
  Time since last request: 18.244523 seconds.
  path: Assets/Characters/Player/Art/Andando de frente.psb
  artifactKey: Guid(e132a0159d7e12d4d9c89e1ca55df9f6) Importer(815301076,1909f56bfc062723c751e8b465ee728b)
Start importing Assets/Characters/Player/Art/Andando de frente.psb using Guid(e132a0159d7e12d4d9c89e1ca55df9f6) Importer(815301076,1909f56bfc062723c751e8b465ee728b)  -> (artifact id: '47d2f66b0e4e7e2f568f667bedcdb753') in 0.115645 seconds 
========================================================================
Received Import Request.
  Time since last request: 197.087122 seconds.
  path: Assets/Characters/Player/Art/Parado.psb
  artifactKey: Guid(d48698f050af2084eb3421958fa01771) Importer(815301076,1909f56bfc062723c751e8b465ee728b)
Start importing Assets/Characters/Player/Art/Parado.psb using Guid(d48698f050af2084eb3421958fa01771) Importer(815301076,1909f56bfc062723c751e8b465ee728b)  -> (artifact id: '5d1d6ae8af4565ae3ff08711bcb1ac1e') in 0.161129 seconds 
========================================================================
Received Import Request.
  Time since last request: 3.665122 seconds.
  path: Assets/Characters/Player/Art/Andando.psb
  artifactKey: Guid(6f68e3ab3e1e7f8458390d8818395e46) Importer(815301076,1909f56bfc062723c751e8b465ee728b)
Start importing Assets/Characters/Player/Art/Andando.psb using Guid(6f68e3ab3e1e7f8458390d8818395e46) Importer(815301076,1909f56bfc062723c751e8b465ee728b)  -> (artifact id: 'd4860e4a8c66c4b49d2f2f6958999ac8') in 0.155827 seconds 
========================================================================
Received Import Request.
  Time since last request: 2.835697 seconds.
  path: Assets/Characters/Player/Art/Andando de frente.psb
  artifactKey: Guid(e132a0159d7e12d4d9c89e1ca55df9f6) Importer(815301076,1909f56bfc062723c751e8b465ee728b)
Start importing Assets/Characters/Player/Art/Andando de frente.psb using Guid(e132a0159d7e12d4d9c89e1ca55df9f6) Importer(815301076,1909f56bfc062723c751e8b465ee728b)  -> (artifact id: '993cae30cc113ca16e375d3d42bac249') in 0.133384 seconds 
========================================================================
Received Import Request.
  Time since last request: 5.637352 seconds.
  path: Assets/Characters/Player/Art/Andando de costas.psb
  artifactKey: Guid(1990164bf0726e2498fd847f6b5c312a) Importer(815301076,1909f56bfc062723c751e8b465ee728b)
Start importing Assets/Characters/Player/Art/Andando de costas.psb using Guid(1990164bf0726e2498fd847f6b5c312a) Importer(815301076,1909f56bfc062723c751e8b465ee728b)  -> (artifact id: 'a0bf142620692312dcb23ebae33134c1') in 0.188055 seconds 
========================================================================
Received Import Request.
  Time since last request: 355.766240 seconds.
  path: Assets/Characters/Player/Art/Walking_Front.anim
  artifactKey: Guid(7d58af85b22ab1c4bbebba5388cb1e14) Importer(815301076,1909f56bfc062723c751e8b465ee728b)
Start importing Assets/Characters/Player/Art/Walking_Front.anim using Guid(7d58af85b22ab1c4bbebba5388cb1e14) Importer(815301076,1909f56bfc062723c751e8b465ee728b)  -> (artifact id: '87cc793cf1fe4656e5ef17a23a75641e') in 0.078528 seconds 
========================================================================
Received Prepare
Registering precompiled user dll's ...
Registered in 0.011199 seconds.
Begin MonoManager ReloadAssembly
Native extension for WindowsStandalone target not found
Refreshing native plugins compatible for Editor in 1.69 ms, found 2 plugins.
Preloading 0 native plugins for Editor in 0.00 ms.
Mono: successfully reloaded assembly
- Completed reload, in  2.967 seconds
Platform modules already initialized, skipping
Shader 'Universal Render Pipeline/Particles/Lit': fallback shader 'Universal Render Pipeline/Particles/SimpleLit' not found
Refreshing native plugins compatible for Editor in 3.36 ms, found 2 plugins.
Preloading 0 native plugins for Editor in 0.00 ms.
Unloading 4580 Unused Serialized files (Serialized files now loaded: 0)
System memory in use before: 183.8 MB.
System memory in use after: 183.9 MB.

Unloading 18 unused Assets to reduce memory usage. Loaded Objects now: 5322.
Total: 26.865100 ms (FindLiveObjects: 1.212800 ms CreateObjectMapping: 1.570600 ms MarkObjects: 23.861100 ms  DeleteObjects: 0.217900 ms)

========================================================================
Received Prepare
Registering precompiled user dll's ...
Registered in 0.013019 seconds.
Begin MonoManager ReloadAssembly
Native extension for WindowsStandalone target not found
Refreshing native plugins compatible for Editor in 1.40 ms, found 2 plugins.
Preloading 0 native plugins for Editor in 0.00 ms.
Mono: successfully reloaded assembly
- Completed reload, in  2.514 seconds
Platform modules already initialized, skipping
Shader 'Universal Render Pipeline/Particles/Lit': fallback shader 'Universal Render Pipeline/Particles/SimpleLit' not found
Refreshing native plugins compatible for Editor in 1.60 ms, found 2 plugins.
Preloading 0 native plugins for Editor in 0.00 ms.
Unloading 4576 Unused Serialized files (Serialized files now loaded: 0)
System memory in use before: 183.5 MB.
System memory in use after: 183.6 MB.

Unloading 18 unused Assets to reduce memory usage. Loaded Objects now: 5326.
Total: 7.441500 ms (FindLiveObjects: 0.686100 ms CreateObjectMapping: 0.545600 ms MarkObjects: 5.999600 ms  DeleteObjects: 0.208200 ms)

========================================================================
Received Prepare
Registering precompiled user dll's ...
Registered in 0.009633 seconds.
Begin MonoManager ReloadAssembly
Native extension for WindowsStandalone target not found
Refreshing native plugins compatible for Editor in 1.65 ms, found 2 plugins.
Preloading 0 native plugins for Editor in 0.00 ms.
Mono: successfully reloaded assembly
- Completed reload, in  2.482 seconds
Platform modules already initialized, skipping
Shader 'Universal Render Pipeline/Particles/Lit': fallback shader 'Universal Render Pipeline/Particles/SimpleLit' not found
Refreshing native plugins compatible for Editor in 1.69 ms, found 2 plugins.
Preloading 0 native plugins for Editor in 0.00 ms.
Unloading 4576 Unused Serialized files (Serialized files now loaded: 0)
System memory in use before: 183.5 MB.
System memory in use after: 183.6 MB.

Unloading 18 unused Assets to reduce memory usage. Loaded Objects now: 5330.
Total: 7.464200 ms (FindLiveObjects: 0.743900 ms CreateObjectMapping: 0.716400 ms MarkObjects: 5.809800 ms  DeleteObjects: 0.192400 ms)

========================================================================
Received Prepare
Registering precompiled user dll's ...
Registered in 0.008469 seconds.
Begin MonoManager ReloadAssembly
Native extension for WindowsStandalone target not found
Refreshing native plugins compatible for Editor in 1.77 ms, found 2 plugins.
Preloading 0 native plugins for Editor in 0.00 ms.
Mono: successfully reloaded assembly
- Completed reload, in  4.260 seconds
Platform modules already initialized, skipping
Shader 'Universal Render Pipeline/Particles/Lit': fallback shader 'Universal Render Pipeline/Particles/SimpleLit' not found
Refreshing native plugins compatible for Editor in 1.66 ms, found 2 plugins.
Preloading 0 native plugins for Editor in 0.00 ms.
Unloading 4576 Unused Serialized files (Serialized files now loaded: 0)
System memory in use before: 183.5 MB.
System memory in use after: 183.6 MB.

Unloading 18 unused Assets to reduce memory usage. Loaded Objects now: 5334.
Total: 7.844500 ms (FindLiveObjects: 1.152000 ms CreateObjectMapping: 1.002600 ms MarkObjects: 5.419400 ms  DeleteObjects: 0.268500 ms)

========================================================================
Received Prepare
Registering precompiled user dll's ...
Registered in 0.017303 seconds.
Begin MonoManager ReloadAssembly
Native extension for WindowsStandalone target not found
Refreshing native plugins compatible for Editor in 1.00 ms, found 2 plugins.
Preloading 0 native plugins for Editor in 0.00 ms.
Mono: successfully reloaded assembly
- Completed reload, in  2.263 seconds
Platform modules already initialized, skipping
Shader 'Universal Render Pipeline/Particles/Lit': fallback shader 'Universal Render Pipeline/Particles/SimpleLit' not found
Refreshing native plugins compatible for Editor in 1.78 ms, found 2 plugins.
Preloading 0 native plugins for Editor in 0.00 ms.
Unloading 4576 Unused Serialized files (Serialized files now loaded: 0)
System memory in use before: 183.5 MB.
System memory in use after: 183.6 MB.

Unloading 18 unused Assets to reduce memory usage. Loaded Objects now: 5338.
Total: 6.621100 ms (FindLiveObjects: 0.866400 ms CreateObjectMapping: 0.676300 ms MarkObjects: 4.834600 ms  DeleteObjects: 0.242000 ms)

========================================================================
Received Prepare
Registering precompiled user dll's ...
Registered in 0.010182 seconds.
Begin MonoManager ReloadAssembly
Native extension for WindowsStandalone target not found
Refreshing native plugins compatible for Editor in 1.07 ms, found 2 plugins.
Preloading 0 native plugins for Editor in 0.00 ms.
Mono: successfully reloaded assembly
- Completed reload, in  2.142 seconds
Platform modules already initialized, skipping
Shader 'Universal Render Pipeline/Particles/Lit': fallback shader 'Universal Render Pipeline/Particles/SimpleLit' not found
Refreshing native plugins compatible for Editor in 5.46 ms, found 2 plugins.
Preloading 0 native plugins for Editor in 0.00 ms.
Unloading 4576 Unused Serialized files (Serialized files now loaded: 0)
System memory in use before: 183.5 MB.
System memory in use after: 183.7 MB.

Unloading 18 unused Assets to reduce memory usage. Loaded Objects now: 5342.
Total: 6.858300 ms (FindLiveObjects: 0.740400 ms CreateObjectMapping: 0.659500 ms MarkObjects: 5.223500 ms  DeleteObjects: 0.232900 ms)

========================================================================
Received Prepare
Registering precompiled user dll's ...
Registered in 0.015990 seconds.
Begin MonoManager ReloadAssembly
Native extension for WindowsStandalone target not found
Refreshing native plugins compatible for Editor in 1.69 ms, found 2 plugins.
Preloading 0 native plugins for Editor in 0.00 ms.
Mono: successfully reloaded assembly
- Completed reload, in  4.498 seconds
Platform modules already initialized, skipping
Shader 'Universal Render Pipeline/Particles/Lit': fallback shader 'Universal Render Pipeline/Particles/SimpleLit' not found
Refreshing native plugins compatible for Editor in 17.36 ms, found 2 plugins.
Preloading 0 native plugins for Editor in 0.00 ms.
Unloading 4576 Unused Serialized files (Serialized files now loaded: 0)
System memory in use before: 183.5 MB.
System memory in use after: 183.7 MB.

Unloading 18 unused Assets to reduce memory usage. Loaded Objects now: 5346.
Total: 153.958100 ms (FindLiveObjects: 17.913600 ms CreateObjectMapping: 28.113900 ms MarkObjects: 107.213900 ms  DeleteObjects: 0.713300 ms)

========================================================================
Received Prepare
Registering precompiled user dll's ...
Registered in 0.017886 seconds.
Begin MonoManager ReloadAssembly
Native extension for WindowsStandalone target not found
Refreshing native plugins compatible for Editor in 1.63 ms, found 2 plugins.
Preloading 0 native plugins for Editor in 0.00 ms.
Mono: successfully reloaded assembly
- Completed reload, in 27.866 seconds
Platform modules already initialized, skipping
Shader 'Universal Render Pipeline/Particles/Lit': fallback shader 'Universal Render Pipeline/Particles/SimpleLit' not found
Refreshing native plugins compatible for Editor in 1.81 ms, found 2 plugins.
Preloading 0 native plugins for Editor in 0.00 ms.
Unloading 4576 Unused Serialized files (Serialized files now loaded: 0)
System memory in use before: 183.6 MB.
System memory in use after: 183.7 MB.

Unloading 18 unused Assets to reduce memory usage. Loaded Objects now: 5350.
Total: 13.492300 ms (FindLiveObjects: 1.062800 ms CreateObjectMapping: 0.557000 ms MarkObjects: 11.548300 ms  DeleteObjects: 0.322300 ms)

========================================================================
Received Prepare
Registering precompiled user dll's ...
Registered in 0.012570 seconds.
Begin MonoManager ReloadAssembly
Native extension for WindowsStandalone target not found
Refreshing native plugins compatible for Editor in 1.54 ms, found 2 plugins.
Preloading 0 native plugins for Editor in 0.00 ms.
Mono: successfully reloaded assembly
- Completed reload, in  3.312 seconds
Platform modules already initialized, skipping
Shader 'Universal Render Pipeline/Particles/Lit': fallback shader 'Universal Render Pipeline/Particles/SimpleLit' not found
Refreshing native plugins compatible for Editor in 1.60 ms, found 2 plugins.
Preloading 0 native plugins for Editor in 0.00 ms.
Unloading 4576 Unused Serialized files (Serialized files now loaded: 0)
System memory in use before: 183.6 MB.
System memory in use after: 183.7 MB.

Unloading 18 unused Assets to reduce memory usage. Loaded Objects now: 5354.
Total: 9.510200 ms (FindLiveObjects: 0.671600 ms CreateObjectMapping: 0.591900 ms MarkObjects: 7.905600 ms  DeleteObjects: 0.337100 ms)

AssetImportWorkerClient::OnTransportError - code=2 error=End of file
